Temp/gradleOut/unityLibrary/build/outputs/logs/manifest-merger-release-report.txt
-- Merging decision tree log ---
manifest
ADDED from src\main\AndroidManifest.xml:3:1-25:12
INJECTED from src\main\AndroidManifest.xml:3:1-25:12
INJECTED from src\main\AndroidManifest.xml:3:1-25:12
INJECTED from src\main\AndroidManifest.xml:3:1-25:12
INJECTED from src\main\AndroidManifest.xml:3:1-25:12
INJECTED from src\main\AndroidManifest.xml:3:1-25:12
INJECTED from src\main\AndroidManifest.xml:3:1-25:12
	package
		ADDED from src\main\AndroidManifest.xml:3:70-98
		INJECTED from src\main\AndroidManifest.xml
		INJECTED from src\main\AndroidManifest.xml
	android:versionName
		INJECTED from src\main\AndroidManifest.xml
		ADDED from src\main\AndroidManifest.xml:3:1-25:12
		INJECTED from src\main\AndroidManifest.xml
	xmlns:tools
		ADDED from src\main\AndroidManifest.xml:3:99-145
	android:versionCode
		INJECTED from src\main\AndroidManifest.xml
		ADDED from src\main\AndroidManifest.xml:3:1-25:12
		INJECTED from src\main\AndroidManifest.xml
	xmlns:android
		ADDED from src\main\AndroidManifest.xml:3:11-69
application
ADDED from src\main\AndroidManifest.xml:4:3-19:17
	android:isGame
		ADDED from src\main\AndroidManifest.xml:4:16-37
activity#com.unity3d.player.UnityPlayerActivity
ADDED from src\main\AndroidManifest.xml:5:5-13:16
	android:screenOrientation
		ADDED from src\main\AndroidManifest.xml:5:111-148
	android:launchMode
		ADDED from src\main\AndroidManifest.xml:5:149-180
	android:hardwareAccelerated
		ADDED from src\main\AndroidManifest.xml:5:398-433
	android:resizeableActivity
		ADDED from src\main\AndroidManifest.xml:5:363-397
	android:configChanges
		ADDED from src\main\AndroidManifest.xml:5:181-362
	android:theme
		ADDED from src\main\AndroidManifest.xml:5:69-110
	android:name
		ADDED from src\main\AndroidManifest.xml:5:15-68
intent-filter#action:name:android.intent.action.MAIN+category:name:android.intent.category.LAUNCHER+category:name:android.intent.category.LEANBACK_LAUNCHER
ADDED from src\main\AndroidManifest.xml:6:7-10:23
action#android.intent.action.MAIN
ADDED from src\main\AndroidManifest.xml:7:9-61
	android:name
		ADDED from src\main\AndroidManifest.xml:7:17-58
category#android.intent.category.LAUNCHER
ADDED from src\main\AndroidManifest.xml:8:9-69
	android:name
		ADDED from src\main\AndroidManifest.xml:8:19-66
category#android.intent.category.LEANBACK_LAUNCHER
ADDED from src\main\AndroidManifest.xml:9:9-78
	android:name
		ADDED from src\main\AndroidManifest.xml:9:19-75
meta-data#unityplayer.UnityActivity
ADDED from src\main\AndroidManifest.xml:11:7-82
	android:value
		ADDED from src\main\AndroidManifest.xml:11:59-79
	android:name
		ADDED from src\main\AndroidManifest.xml:11:18-58
meta-data#android.notch_support
ADDED from src\main\AndroidManifest.xml:12:7-78
	android:value
		ADDED from src\main\AndroidManifest.xml:12:55-75
	android:name
		ADDED from src\main\AndroidManifest.xml:12:18-54
meta-data#unity.splash-mode
ADDED from src\main\AndroidManifest.xml:14:5-69
	android:value
		ADDED from src\main\AndroidManifest.xml:14:49-66
	android:name
		ADDED from src\main\AndroidManifest.xml:14:16-48
meta-data#unity.splash-enable
ADDED from src\main\AndroidManifest.xml:15:5-74
	android:value
		ADDED from src\main\AndroidManifest.xml:15:51-71
	android:name
		ADDED from src\main\AndroidManifest.xml:15:16-50
meta-data#unity.allow-resizable-window
ADDED from src\main\AndroidManifest.xml:16:5-84
	android:value
		ADDED from src\main\AndroidManifest.xml:16:60-81
	android:name
		ADDED from src\main\AndroidManifest.xml:16:16-59
meta-data#notch.config
ADDED from src\main\AndroidManifest.xml:17:5-81
	android:value
		ADDED from src\main\AndroidManifest.xml:17:44-78
	android:name
		ADDED from src\main\AndroidManifest.xml:17:16-43
meta-data#unity.build-id
ADDED from src\main\AndroidManifest.xml:18:5-101
	android:value
		ADDED from src\main\AndroidManifest.xml:18:46-98
	android:name
		ADDED from src\main\AndroidManifest.xml:18:16-45
uses-feature#0x00020000
ADDED from src\main\AndroidManifest.xml:20:3-52
	android:glEsVersion
		ADDED from src\main\AndroidManifest.xml:20:17-49
uses-feature#android.hardware.sensor.accelerometer
ADDED from src\main\AndroidManifest.xml:21:3-97
	android:required
		ADDED from src\main\AndroidManifest.xml:21:70-94
	android:name
		ADDED from src\main\AndroidManifest.xml:21:17-69
uses-feature#android.hardware.touchscreen
ADDED from src\main\AndroidManifest.xml:22:3-88
	android:required
		ADDED from src\main\AndroidManifest.xml:22:61-85
	android:name
		ADDED from src\main\AndroidManifest.xml:22:17-60
uses-feature#android.hardware.touchscreen.multitouch
ADDED from src\main\AndroidManifest.xml:23:3-99
	android:required
		ADDED from src\main\AndroidManifest.xml:23:72-96
	android:name
		ADDED from src\main\AndroidManifest.xml:23:17-71
uses-feature#android.hardware.touchscreen.multitouch.distinct
ADDED from src\main\AndroidManifest.xml:24:3-108
	android:required
		ADDED from src\main\AndroidManifest.xml:24:81-105
	android:name
		ADDED from src\main\AndroidManifest.xml:24:17-80
uses-sdk
INJECTED from src\main\AndroidManifest.xml reason: use-sdk injection requested
INJECTED from src\main\AndroidManifest.xml
INJECTED from src\main\AndroidManifest.xml
INJECTED from src\main\AndroidManifest.xml
INJECTED from src\main\AndroidManifest.xml
	android:targetSdkVersion
		INJECTED from src\main\AndroidManifest.xml
		ADDED from src\main\AndroidManifest.xml
		INJECTED from src\main\AndroidManifest.xml
	android:minSdkVersion
		INJECTED from src\main\AndroidManifest.xml
		ADDED from src\main\AndroidManifest.xml
		INJECTED from src\main\AndroidManifest.xml